
Circuit 1 cell sky130_fd_pr__pfet_01v8 and Circuit 2 cell sky130_fd_pr__pfet_01v8 are black boxes.
Warning: Equate pins:  cell sky130_fd_pr__pfet_01v8 is a placeholder, treated as a black box.
Warning: Equate pins:  cell sky130_fd_pr__pfet_01v8 is a placeholder, treated as a black box.

Subcircuit pins:
Circuit 1: sky130_fd_pr__pfet_01v8         |Circuit 2: sky130_fd_pr__pfet_01v8         
-------------------------------------------|-------------------------------------------
1                                          |1                                          
2                                          |2                                          
3                                          |3                                          
4                                          |4                                          
---------------------------------------------------------------------------------------
Cell pin lists are equivalent.
Device classes sky130_fd_pr__pfet_01v8 and sky130_fd_pr__pfet_01v8 are equivalent.

Circuit 1 cell sky130_fd_pr__nfet_01v8 and Circuit 2 cell sky130_fd_pr__nfet_01v8 are black boxes.
Warning: Equate pins:  cell sky130_fd_pr__nfet_01v8 is a placeholder, treated as a black box.
Warning: Equate pins:  cell sky130_fd_pr__nfet_01v8 is a placeholder, treated as a black box.

Subcircuit pins:
Circuit 1: sky130_fd_pr__nfet_01v8         |Circuit 2: sky130_fd_pr__nfet_01v8         
-------------------------------------------|-------------------------------------------
1                                          |1                                          
2                                          |2                                          
3                                          |3                                          
4                                          |4                                          
---------------------------------------------------------------------------------------
Cell pin lists are equivalent.
Device classes sky130_fd_pr__nfet_01v8 and sky130_fd_pr__nfet_01v8 are equivalent.

Circuit 1 cell sky130_fd_pr__pfet_01v8_lvt and Circuit 2 cell sky130_fd_pr__pfet_01v8_lvt are black boxes.
Warning: Equate pins:  cell sky130_fd_pr__pfet_01v8_lvt is a placeholder, treated as a black box.
Warning: Equate pins:  cell sky130_fd_pr__pfet_01v8_lvt is a placeholder, treated as a black box.

Subcircuit pins:
Circuit 1: sky130_fd_pr__pfet_01v8_lvt     |Circuit 2: sky130_fd_pr__pfet_01v8_lvt     
-------------------------------------------|-------------------------------------------
1                                          |1                                          
2                                          |2                                          
3                                          |3                                          
4                                          |4                                          
---------------------------------------------------------------------------------------
Cell pin lists are equivalent.
Device classes sky130_fd_pr__pfet_01v8_lvt and sky130_fd_pr__pfet_01v8_lvt are equivalent.

Circuit 1 cell sky130_fd_pr__cap_mim_m3_1 and Circuit 2 cell sky130_fd_pr__cap_mim_m3_1 are black boxes.
Warning: Equate pins:  cell sky130_fd_pr__cap_mim_m3_1 is a placeholder, treated as a black box.
Warning: Equate pins:  cell sky130_fd_pr__cap_mim_m3_1 is a placeholder, treated as a black box.

Subcircuit pins:
Circuit 1: sky130_fd_pr__cap_mim_m3_1      |Circuit 2: sky130_fd_pr__cap_mim_m3_1      
-------------------------------------------|-------------------------------------------
1                                          |1                                          
2                                          |2                                          
---------------------------------------------------------------------------------------
Cell pin lists are equivalent.
Device classes sky130_fd_pr__cap_mim_m3_1 and sky130_fd_pr__cap_mim_m3_1 are equivalent.
Flattening unmatched subcell miller_ota in circuit miller_ota_wrapper (0)(1 instance)
Flattening unmatched subcell sky130_fd_pr__nfet_01v8_VUE4HL in circuit tt_um_analog_ota_version1 (1)(1 instance)
Flattening unmatched subcell sky130_fd_pr__nfet_01v8_T4AS2N in circuit tt_um_analog_ota_version1 (1)(2 instances)
Flattening unmatched subcell sky130_fd_pr__nfet_01v8_V5JU8A in circuit tt_um_analog_ota_version1 (1)(1 instance)
Flattening unmatched subcell sky130_fd_pr__pfet_01v8_FQ8SMG in circuit tt_um_analog_ota_version1 (1)(2 instances)
Flattening unmatched subcell sky130_fd_pr__pfet_01v8_RAUDFE in circuit tt_um_analog_ota_version1 (1)(2 instances)
Flattening unmatched subcell sky130_fd_pr__pfet_01v8_lvt_329JWK in circuit tt_um_analog_ota_version1 (1)(2 instances)
Flattening unmatched subcell sky130_fd_pr__nfet_01v8_S5TDRT in circuit tt_um_analog_ota_version1 (1)(1 instance)
Flattening unmatched subcell sky130_fd_pr__pfet_01v8_NDNS9K in circuit tt_um_analog_ota_version1 (1)(1 instance)
Flattening unmatched subcell sky130_fd_pr__cap_mim_m3_1_LVZ2G2 in circuit tt_um_analog_ota_version1 (1)(1 instance)
Flattening unmatched subcell sky130_fd_pr__nfet_01v8_T4622N in circuit tt_um_analog_ota_version1 (1)(5 instances)
Flattening unmatched subcell sky130_fd_pr__pfet_01v8_AJHSM8 in circuit tt_um_analog_ota_version1 (1)(6 instances)
Flattening unmatched subcell sky130_fd_pr__pfet_01v8_S7UDFN in circuit tt_um_analog_ota_version1 (1)(2 instances)
Flattening unmatched subcell sky130_fd_pr__nfet_01v8_YYSX75 in circuit tt_um_analog_ota_version1 (1)(1 instance)
Flattening unmatched subcell sky130_fd_pr__pfet_01v8_G9JQ9S in circuit tt_um_analog_ota_version1 (1)(1 instance)
Flattening unmatched subcell sky130_fd_pr__res_xhigh_po_1p41_FFT4WC in circuit tt_um_analog_ota_version1 (1)(1 instance)
Flattening unmatched subcell sky130_fd_pr__nfet_01v8_BDGU8L in circuit tt_um_analog_ota_version1 (1)(1 instance)

Cell tt_um_analog_ota_version1 (1) disconnected node: clk
Cell tt_um_analog_ota_version1 (1) disconnected node: ena
Cell tt_um_analog_ota_version1 (1) disconnected node: rst_n
Cell tt_um_analog_ota_version1 (1) disconnected node: ua[2]
Cell tt_um_analog_ota_version1 (1) disconnected node: ua[3]
Cell tt_um_analog_ota_version1 (1) disconnected node: ua[4]
Cell tt_um_analog_ota_version1 (1) disconnected node: ua[5]
Cell tt_um_analog_ota_version1 (1) disconnected node: ua[6]
Cell tt_um_analog_ota_version1 (1) disconnected node: ua[7]
Cell tt_um_analog_ota_version1 (1) disconnected node: ui_in[0]
Cell tt_um_analog_ota_version1 (1) disconnected node: ui_in[1]
Cell tt_um_analog_ota_version1 (1) disconnected node: ui_in[2]
Cell tt_um_analog_ota_version1 (1) disconnected node: ui_in[3]
Cell tt_um_analog_ota_version1 (1) disconnected node: ui_in[4]
Cell tt_um_analog_ota_version1 (1) disconnected node: ui_in[5]
Cell tt_um_analog_ota_version1 (1) disconnected node: ui_in[6]
Cell tt_um_analog_ota_version1 (1) disconnected node: ui_in[7]
Cell tt_um_analog_ota_version1 (1) disconnected node: uio_in[0]
Cell tt_um_analog_ota_version1 (1) disconnected node: uio_in[1]
Cell tt_um_analog_ota_version1 (1) disconnected node: uio_in[2]
Cell tt_um_analog_ota_version1 (1) disconnected node: uio_in[3]
Cell tt_um_analog_ota_version1 (1) disconnected node: uio_in[4]
Cell tt_um_analog_ota_version1 (1) disconnected node: uio_in[5]
Cell tt_um_analog_ota_version1 (1) disconnected node: uio_in[6]
Cell tt_um_analog_ota_version1 (1) disconnected node: uio_in[7]
Cell tt_um_analog_ota_version1 (1) disconnected node: uio_oe[0]
Cell tt_um_analog_ota_version1 (1) disconnected node: uio_oe[1]
Cell tt_um_analog_ota_version1 (1) disconnected node: uio_oe[2]
Cell tt_um_analog_ota_version1 (1) disconnected node: uio_oe[3]
Cell tt_um_analog_ota_version1 (1) disconnected node: uio_oe[4]
Cell tt_um_analog_ota_version1 (1) disconnected node: uio_oe[5]
Cell tt_um_analog_ota_version1 (1) disconnected node: uio_oe[6]
Cell tt_um_analog_ota_version1 (1) disconnected node: uio_oe[7]
Cell tt_um_analog_ota_version1 (1) disconnected node: uio_out[0]
Cell tt_um_analog_ota_version1 (1) disconnected node: uio_out[1]
Cell tt_um_analog_ota_version1 (1) disconnected node: uio_out[2]
Cell tt_um_analog_ota_version1 (1) disconnected node: uio_out[3]
Cell tt_um_analog_ota_version1 (1) disconnected node: uio_out[4]
Cell tt_um_analog_ota_version1 (1) disconnected node: uio_out[5]
Cell tt_um_analog_ota_version1 (1) disconnected node: uio_out[6]
Cell tt_um_analog_ota_version1 (1) disconnected node: uio_out[7]
Cell tt_um_analog_ota_version1 (1) disconnected node: uo_out[0]
Cell tt_um_analog_ota_version1 (1) disconnected node: uo_out[1]
Cell tt_um_analog_ota_version1 (1) disconnected node: uo_out[2]
Cell tt_um_analog_ota_version1 (1) disconnected node: uo_out[3]
Cell tt_um_analog_ota_version1 (1) disconnected node: uo_out[4]
Cell tt_um_analog_ota_version1 (1) disconnected node: uo_out[5]
Cell tt_um_analog_ota_version1 (1) disconnected node: uo_out[6]
Cell tt_um_analog_ota_version1 (1) disconnected node: uo_out[7]
Class tt_um_analog_ota_version1 (1):  Merged 53 parallel devices.
Cell tt_um_analog_ota_version1 (1) disconnected node: clk
Cell tt_um_analog_ota_version1 (1) disconnected node: ena
Cell tt_um_analog_ota_version1 (1) disconnected node: rst_n
Cell tt_um_analog_ota_version1 (1) disconnected node: ua[2]
Cell tt_um_analog_ota_version1 (1) disconnected node: ua[3]
Cell tt_um_analog_ota_version1 (1) disconnected node: ua[4]
Cell tt_um_analog_ota_version1 (1) disconnected node: ua[5]
Cell tt_um_analog_ota_version1 (1) disconnected node: ua[6]
Cell tt_um_analog_ota_version1 (1) disconnected node: ua[7]
Cell tt_um_analog_ota_version1 (1) disconnected node: ui_in[0]
Cell tt_um_analog_ota_version1 (1) disconnected node: ui_in[1]
Cell tt_um_analog_ota_version1 (1) disconnected node: ui_in[2]
Cell tt_um_analog_ota_version1 (1) disconnected node: ui_in[3]
Cell tt_um_analog_ota_version1 (1) disconnected node: ui_in[4]
Cell tt_um_analog_ota_version1 (1) disconnected node: ui_in[5]
Cell tt_um_analog_ota_version1 (1) disconnected node: ui_in[6]
Cell tt_um_analog_ota_version1 (1) disconnected node: ui_in[7]
Cell tt_um_analog_ota_version1 (1) disconnected node: uio_in[0]
Cell tt_um_analog_ota_version1 (1) disconnected node: uio_in[1]
Cell tt_um_analog_ota_version1 (1) disconnected node: uio_in[2]
Cell tt_um_analog_ota_version1 (1) disconnected node: uio_in[3]
Cell tt_um_analog_ota_version1 (1) disconnected node: uio_in[4]
Cell tt_um_analog_ota_version1 (1) disconnected node: uio_in[5]
Cell tt_um_analog_ota_version1 (1) disconnected node: uio_in[6]
Cell tt_um_analog_ota_version1 (1) disconnected node: uio_in[7]
Cell tt_um_analog_ota_version1 (1) disconnected node: uio_oe[0]
Cell tt_um_analog_ota_version1 (1) disconnected node: uio_oe[1]
Cell tt_um_analog_ota_version1 (1) disconnected node: uio_oe[2]
Cell tt_um_analog_ota_version1 (1) disconnected node: uio_oe[3]
Cell tt_um_analog_ota_version1 (1) disconnected node: uio_oe[4]
Cell tt_um_analog_ota_version1 (1) disconnected node: uio_oe[5]
Cell tt_um_analog_ota_version1 (1) disconnected node: uio_oe[6]
Cell tt_um_analog_ota_version1 (1) disconnected node: uio_oe[7]
Cell tt_um_analog_ota_version1 (1) disconnected node: uio_out[0]
Cell tt_um_analog_ota_version1 (1) disconnected node: uio_out[1]
Cell tt_um_analog_ota_version1 (1) disconnected node: uio_out[2]
Cell tt_um_analog_ota_version1 (1) disconnected node: uio_out[3]
Cell tt_um_analog_ota_version1 (1) disconnected node: uio_out[4]
Cell tt_um_analog_ota_version1 (1) disconnected node: uio_out[5]
Cell tt_um_analog_ota_version1 (1) disconnected node: uio_out[6]
Cell tt_um_analog_ota_version1 (1) disconnected node: uio_out[7]
Cell tt_um_analog_ota_version1 (1) disconnected node: uo_out[0]
Cell tt_um_analog_ota_version1 (1) disconnected node: uo_out[1]
Cell tt_um_analog_ota_version1 (1) disconnected node: uo_out[2]
Cell tt_um_analog_ota_version1 (1) disconnected node: uo_out[3]
Cell tt_um_analog_ota_version1 (1) disconnected node: uo_out[4]
Cell tt_um_analog_ota_version1 (1) disconnected node: uo_out[5]
Cell tt_um_analog_ota_version1 (1) disconnected node: uo_out[6]
Cell tt_um_analog_ota_version1 (1) disconnected node: uo_out[7]
Subcircuit summary:
Circuit 1: miller_ota_wrapper              |Circuit 2: tt_um_analog_ota_version1       
-------------------------------------------|-------------------------------------------
sky130_fd_pr__pfet_01v8 (21->6)            |sky130_fd_pr__pfet_01v8 (28->8) **Mismatch 
sky130_fd_pr__nfet_01v8 (43->10)           |sky130_fd_pr__nfet_01v8 (44->11) **Mismatc 
sky130_fd_pr__res_xhigh_po (1)             |(no matching element)                      
sky130_fd_pr__pfet_01v8_lvt (2)            |sky130_fd_pr__pfet_01v8_lvt (2)            
sky130_fd_pr__cap_mim_m3_1 (1)             |sky130_fd_pr__cap_mim_m3_1 (1)             
(no matching element)                      |sky130_fd_pr__res_xhigh_po_1p41 (1)        
Number of devices: 20 **Mismatch**         |Number of devices: 23 **Mismatch**         
Number of nets: 14 **Mismatch**            |Number of nets: 16 **Mismatch**            
---------------------------------------------------------------------------------------
NET mismatches: Class fragments follow (with fanout counts):
Circuit 1: miller_ota_wrapper              |Circuit 2: tt_um_analog_ota_version1       

---------------------------------------------------------------------------------------
Net: VDPWR                                 |Net: sky130_fd_pr__pfet_01v8_NDNS9K_0/S    
  sky130_fd_pr__pfet_01v8/(1|3) = 6        |  sky130_fd_pr__nfet_01v8/(1|3) = 1        
  sky130_fd_pr__pfet_01v8/4 = 6            |  sky130_fd_pr__nfet_01v8/2 = 1            
                                           |  sky130_fd_pr__pfet_01v8/(1|3) = 1        
                                           |  sky130_fd_pr__pfet_01v8/2 = 1            
                                           |                                           
Net: out                                   |Net: sky130_fd_pr__pfet_01v8_AJHSM8_4/D    
  sky130_fd_pr__pfet_01v8_lvt/2 = 1        |  sky130_fd_pr__nfet_01v8/2 = 2            
  sky130_fd_pr__cap_mim_m3_1/1 = 1         |  sky130_fd_pr__nfet_01v8/(1|3) = 1        
  sky130_fd_pr__nfet_01v8/(1|3) = 1        |  sky130_fd_pr__pfet_01v8/(1|3) = 1        
  sky130_fd_pr__pfet_01v8/(1|3) = 1        |                                           
                                           |                                           
Net: miller_ota:1/net1                     |Net: a_9361_2271#                          
  sky130_fd_pr__pfet_01v8/(1|3) = 1        |  sky130_fd_pr__nfet_01v8/2 = 1            
  sky130_fd_pr__pfet_01v8/2 = 1            |                                           
  sky130_fd_pr__nfet_01v8/2 = 1            |                                           
  sky130_fd_pr__nfet_01v8/(1|3) = 1        |                                           
                                           |                                           
Net: miller_ota:1/net5                     |Net: a_3594_1593#                          
  sky130_fd_pr__nfet_01v8/(1|3) = 2        |  sky130_fd_pr__nfet_01v8/(1|3) = 1        
  sky130_fd_pr__pfet_01v8_lvt/(1|3) = 1    |                                           
  sky130_fd_pr__nfet_01v8/2 = 1            |                                           
                                           |                                           
Net: miller_ota:1/net4                     |Net: /sky130_fd_pr__nfet_01v8_BDGU8L_0/G   
  sky130_fd_pr__nfet_01v8/2 = 2            |  sky130_fd_pr__nfet_01v8/2 = 1            
  sky130_fd_pr__nfet_01v8/(1|3) = 1        |                                           
  sky130_fd_pr__pfet_01v8_lvt/(1|3) = 1    |                                           
                                           |                                           
Net: miller_ota:1/net8                     |Net: M1/D                                  
  sky130_fd_pr__nfet_01v8/(1|3) = 1        |  sky130_fd_pr__pfet_01v8_lvt/(1|3) = 1    
  sky130_fd_pr__nfet_01v8/2 = 2            |  sky130_fd_pr__nfet_01v8/2 = 1            
  sky130_fd_pr__pfet_01v8/(1|3) = 1        |  sky130_fd_pr__nfet_01v8/(1|3) = 1        
                                           |                                           
Net: VGND                                  |Net: VGND                                  
  sky130_fd_pr__nfet_01v8/4 = 9            |  sky130_fd_pr__nfet_01v8/4 = 11           
  sky130_fd_pr__nfet_01v8/(1|3) = 6        |  sky130_fd_pr__nfet_01v8/(1|3) = 8        
  sky130_fd_pr__res_xhigh_po/(1|2) = 1     |  sky130_fd_pr__nfet_01v8/2 = 1            
  sky130_fd_pr__res_xhigh_po/3 = 1         |  sky130_fd_pr__pfet_01v8/(1|3) = 10       
                                           |  sky130_fd_pr__pfet_01v8/2 = 2            
                                           |  sky130_fd_pr__pfet_01v8/4 = 6            
                                           |  sky130_fd_pr__res_xhigh_po_1p41/(1|2) =  
                                           |  sky130_fd_pr__res_xhigh_po_1p41/3 = 1    
                                           |                                           
Net: miller_ota:1/net3                     |Net: sky130_fd_pr__pfet_01v8_RAUDFE_1/S    
  sky130_fd_pr__nfet_01v8/(1|3) = 1        |  sky130_fd_pr__nfet_01v8/2 = 2            
  sky130_fd_pr__nfet_01v8/4 = 1            |  sky130_fd_pr__nfet_01v8/(1|3) = 2        
  sky130_fd_pr__res_xhigh_po/(1|2) = 1     |  sky130_fd_pr__pfet_01v8/(1|3) = 1        
                                           |                                           
Net: miller_ota:1/net6                     |Net: sky130_fd_pr__pfet_01v8_AJHSM8_0/D    
  sky130_fd_pr__pfet_01v8_lvt/(1|3) = 2    |  sky130_fd_pr__pfet_01v8_lvt/(1|3) = 2    
  sky130_fd_pr__pfet_01v8_lvt/4 = 2        |  sky130_fd_pr__pfet_01v8_lvt/4 = 2        
  sky130_fd_pr__pfet_01v8/(1|3) = 1        |  sky130_fd_pr__pfet_01v8/(1|3) = 1        
                                           |                                           
Net: miller_ota:1/net9                     |Net: sky130_fd_pr__pfet_01v8_FQ8SMG_1/w_n1 
  sky130_fd_pr__nfet_01v8/(1|3) = 1        |  sky130_fd_pr__pfet_01v8/4 = 2            
  sky130_fd_pr__cap_mim_m3_1/2 = 1         |                                           
                                           |                                           
(no matching net)                          |Net: sky130_fd_pr__nfet_01v8_BDGU8L_0/S3   
                                           |  sky130_fd_pr__res_xhigh_po_1p41/(1|2) =  
                                           |  sky130_fd_pr__nfet_01v8/(1|3) = 1        
                                           |                                           
(no matching net)                          |Net: sky130_fd_pr__nfet_01v8_YYSX75_0/G    
                                           |  sky130_fd_pr__nfet_01v8/(1|3) = 1        
                                           |  sky130_fd_pr__pfet_01v8_lvt/(1|3) = 1    
                                           |  sky130_fd_pr__nfet_01v8/2 = 1            
---------------------------------------------------------------------------------------

---------------------------------------------------------------------------------------
Net: miller_ota:1/net2                     |Net: ua[1]                                 
  sky130_fd_pr__nfet_01v8/(1|3) = 2        |  sky130_fd_pr__nfet_01v8/(1|3) = 2        
  sky130_fd_pr__nfet_01v8/2 = 3            |  sky130_fd_pr__cap_mim_m3_1/1 = 1         
  sky130_fd_pr__pfet_01v8/(1|3) = 1        |  sky130_fd_pr__pfet_01v8/(1|3) = 1        
                                           |  sky130_fd_pr__pfet_01v8_lvt/2 = 1        
                                           |  sky130_fd_pr__cap_mim_m3_1/2 = 1         
---------------------------------------------------------------------------------------

---------------------------------------------------------------------------------------
Net: miller_ota:1/vref                     |Net: sky130_fd_pr__pfet_01v8_RAUDFE_0/S    
  sky130_fd_pr__nfet_01v8/(1|3) = 2        |  sky130_fd_pr__nfet_01v8/(1|3) = 2        
  sky130_fd_pr__pfet_01v8/2 = 5            |  sky130_fd_pr__pfet_01v8/2 = 5            
  sky130_fd_pr__pfet_01v8/(1|3) = 1        |  sky130_fd_pr__pfet_01v8/(1|3) = 1        
---------------------------------------------------------------------------------------
DEVICE mismatches: Class fragments follow (with node fanout counts):
Circuit 1: miller_ota_wrapper              |Circuit 2: tt_um_analog_ota_version1       

---------------------------------------------------------------------------------------
Instance: miller_ota:1/sky130_fd_pr__pfet_ |Instance: sky130_fd_pr__pfet_01v8_FQ8SMG_0 
  (1,3) = (12,4)                           |  (1,3) = (40,40)                          
  2 = 4                                    |  2 = 40                                   
  4 = 12                                   |  4 = 2                                    
                                           |                                           
Instance: miller_ota:1/sky130_fd_pr__nfet_ |Instance: sky130_fd_pr__pfet_01v8_NDNS9K_0 
  (1,3) = (8,6)                            |  (1,3) = (40,4)                           
  2 = 4                                    |  2 = 4                                    
  4 = 17                                   |  4 = 40                                   
                                           |                                           
Instance: miller_ota:1/sky130_fd_pr__nfet_ |Instance: sky130_fd_pr__pfet_01v8_AJHSM8_1 
  (1,3) = (17,4)                           |  (1,3) = (40,40)                          
  2 = 6                                    |  2 = 40                                   
  4 = 17                                   |  4 = 40                                   
                                           |                                           
Instance: miller_ota:1/sky130_fd_pr__nfet_ |Instance: sky130_fd_pr__nfet_01v8_VUE4HL_0 
  (1,3) = (17,6)                           |  (1,3) = (40,4)                           
  2 = 6                                    |  2 = 5                                    
  4 = 17                                   |  4 = 40                                   
                                           |                                           
Instance: miller_ota:1/sky130_fd_pr__nfet_ |Instance: sky130_fd_pr__nfet_01v8_T4AS2N_0 
  (1,3) = (8,3)                            |  (1,3) = (40,40)                          
  2 = 6                                    |  2 = 40                                   
  4 = 3                                    |  4 = 40                                   
                                           |                                           
Instance: miller_ota:1/sky130_fd_pr__nfet_ |Instance: sky130_fd_pr__nfet_01v8_V5JU8A_0 
  (1,3) = (17,4)                           |  (1,3) = (40,5)                           
  2 = 4                                    |  2 = 5                                    
  4 = 17                                   |  4 = 40                                   
                                           |                                           
Instance: miller_ota:1/sky130_fd_pr__nfet_ |Instance: sky130_fd_pr__nfet_01v8_T4622N_0 
  (1,3) = (17,4)                           |  (1,3) = (40,3)                           
  2 = 4                                    |  2 = 3                                    
  4 = 17                                   |  4 = 40                                   
                                           |                                           
Instance: miller_ota:1/sky130_fd_pr__nfet_ |Instance: sky130_fd_pr__nfet_01v8_T4622N_1 
  (1,3) = (4,2)                            |  (1,3) = (40,3)                           
  2 = 4                                    |  2 = 1                                    
  4 = 17                                   |  4 = 40                                   
                                           |                                           
Instance: miller_ota:1/sky130_fd_pr__nfet_ |Instance: sky130_fd_pr__nfet_01v8_S5TDRT_0 
  (1,3) = (17,4)                           |  (1,3) = (8,5)                            
  2 = 4                                    |  2 = 4                                    
  4 = 17                                   |  4 = 40                                   
                                           |                                           
Instance: miller_ota:1/sky130_fd_pr__res_x |Instance: sky130_fd_pr__nfet_01v8_BDGU8L_0 
  (1,2) = (17,3)                           |  (1,3) = (8,2)                            
  3 = 17                                   |  2 = 1                                    
                                           |  4 = 40                                   
                                           |                                           
(no matching instance)                     |Instance: sky130_fd_pr__nfet_01v8_T4622N_3 
                                           |  (1,3) = (6,1)                            
                                           |  2 = 4                                    
                                           |  4 = 40                                   
                                           |                                           
                                           |                                           
(no matching instance)                     |Instance: sky130_fd_pr__nfet_01v8_YYSX75_0 
                                           |  (1,3) = (40,6)                           
                                           |  2 = 3                                    
                                           |  4 = 40                                   
                                           |                                           
                                           |                                           
(no matching instance)                     |Instance: sky130_fd_pr__res_xhigh_po_1p41_ 
                                           |  (1,2) = (40,2)                           
                                           |  3 = 40                                   
                                           |                                           
---------------------------------------------------------------------------------------

---------------------------------------------------------------------------------------
Instance: miller_ota:1/sky130_fd_pr__cap_m |Instance: sky130_fd_pr__cap_mim_m3_1_LVZ2G 
  1 = 4                                    |  1 = 6                                    
  2 = 2                                    |  2 = 6                                    
---------------------------------------------------------------------------------------

---------------------------------------------------------------------------------------
Instance: miller_ota:1/sky130_fd_pr__pfet_ |Instance: sky130_fd_pr__pfet_01v8_lvt_329J 
  (1,3) = (5,4)                            |  (1,3) = (5,3)                            
  2 = 4                                    |  2 = 6                                    
  4 = 5                                    |  4 = 5                                    
---------------------------------------------------------------------------------------
Netlists do not match.
Port matching may fail to disambiguate symmetries.

Subcircuit pins:
Circuit 1: miller_ota_wrapper              |Circuit 2: tt_um_analog_ota_version1       
-------------------------------------------|-------------------------------------------
VDPWR                                      |(no pin, node is sky130_fd_pr__pfet_01v8_N 
out                                        |(no pin, node is sky130_fd_pr__pfet_01v8_A 
VGND                                       |(no pin, node is sky130_fd_pr__nfet_01v8_Y 
in                                         |ua[0] **Mismatch**                         
(no matching pin)                          |clk                                        
(no matching pin)                          |ena                                        
(no matching pin)                          |rst_n                                      
(no pin, node is miller_ota:1/net2)        |ua[1]                                      
(no matching pin)                          |ua[2]                                      
(no matching pin)                          |ua[3]                                      
(no matching pin)                          |ua[4]                                      
(no matching pin)                          |ua[5]                                      
(no matching pin)                          |ua[6]                                      
(no matching pin)                          |ua[7]                                      
(no matching pin)                          |ui_in[0]                                   
(no matching pin)                          |ui_in[1]                                   
(no matching pin)                          |ui_in[2]                                   
(no matching pin)                          |ui_in[3]                                   
(no matching pin)                          |ui_in[4]                                   
(no matching pin)                          |ui_in[5]                                   
(no matching pin)                          |ui_in[6]                                   
(no matching pin)                          |ui_in[7]                                   
(no matching pin)                          |uio_in[0]                                  
(no matching pin)                          |uio_in[1]                                  
(no matching pin)                          |uio_in[2]                                  
(no matching pin)                          |uio_in[3]                                  
(no matching pin)                          |uio_in[4]                                  
(no matching pin)                          |uio_in[5]                                  
(no matching pin)                          |uio_in[6]                                  
(no matching pin)                          |uio_in[7]                                  
(no matching pin)                          |uio_oe[0]                                  
(no matching pin)                          |uio_oe[1]                                  
(no matching pin)                          |uio_oe[2]                                  
(no matching pin)                          |uio_oe[3]                                  
(no matching pin)                          |uio_oe[4]                                  
(no matching pin)                          |uio_oe[5]                                  
(no matching pin)                          |uio_oe[6]                                  
(no matching pin)                          |uio_oe[7]                                  
(no matching pin)                          |uio_out[0]                                 
(no matching pin)                          |uio_out[1]                                 
(no matching pin)                          |uio_out[2]                                 
(no matching pin)                          |uio_out[3]                                 
(no matching pin)                          |uio_out[4]                                 
(no matching pin)                          |uio_out[5]                                 
(no matching pin)                          |uio_out[6]                                 
(no matching pin)                          |uio_out[7]                                 
(no matching pin)                          |uo_out[0]                                  
(no matching pin)                          |uo_out[1]                                  
(no matching pin)                          |uo_out[2]                                  
(no matching pin)                          |uo_out[3]                                  
(no matching pin)                          |uo_out[4]                                  
(no matching pin)                          |uo_out[5]                                  
(no matching pin)                          |uo_out[6]                                  
(no matching pin)                          |uo_out[7]                                  
(no pin, node is miller_ota:1/net9)        |VGND                                       
---------------------------------------------------------------------------------------
Cell pin lists for miller_ota_wrapper and tt_um_analog_ota_version1 altered to match.
Device classes miller_ota_wrapper and tt_um_analog_ota_version1 are equivalent.

Final result: Top level cell failed pin matching.
